build/app/outputs/mapping/release/seeds.txt
com.example.store.MainActivity
com.example.store.MainActivity: MainActivity()
...
com.google.firestore.v1.DocumentTransform: int FIELD_TRANSFORMS_FIELD_NUMBER
com.google.android.gms.maps.model.VisibleRegion: android.os.Parcelable$Creator CREATOR
com.google.protobuf.Int32Value
io.flutter.embedding.engine.mutatorsstack.FlutterMutatorsStack: android.graphics.Matrix getFinalMatrix()
com.google.android.gms.measurement.internal.AppMeasurementDynamiteService: void endAdUnitExposure(java.lang.String,long)
com.google.firestore.v1.Write: int VERIFY_FIELD_NUMBER
com.google.firebase.firestore.proto.WriteBatch: int BATCH_ID_FIELD_NUMBER
com.google.android.gms.dynamite.descriptors.com.google.firebase.auth.ModuleDescriptor: int MODULE_VERSION
com.google.android.gms.internal.firebase-auth-api.zzgq
io.flutter.plugins.firebase.core.FlutterFirebaseCoreRegistrar: java.util.List getComponents()
com.google.android.gms.internal.measurement.zzcd$zzc: java.lang.String zze
com.google.firestore.v1.DocumentTransform: java.lang.String document_
io.grpc.internal.DnsNameResolver$JdkAddressResolver: io.grpc.internal.DnsNameResolver$JdkAddressResolver[] values()
com.google.android.gms.internal.firebase-auth-api.zzacj: com.google.android.gms.internal.firebase-auth-api.zzacj[] values()
com.google.android.gms.internal.firebase-auth-api.zzgy
com.google.firebase.firestore.proto.UnknownDocument: com.google.protobuf.Parser PARSER
com.google.firestore.v1.StructuredQuery: com.google.firestore.v1.Cursor startAt_
com.google.android.gms.internal.firebase-auth-api.zzja
com.google.android.gms.internal.measurement.zzcd$zzd: com.google.android.gms.internal.measurement.zzcd$zzd zzf
com.google.firebase.heartbeatinfo.HeartBeatInfo$HeartBeat: com.google.firebase.heartbeatinfo.HeartBeatInfo$HeartBeat valueOf(java.lang.String)
com.google.firestore.v1.TargetChange: com.google.firestore.v1.TargetChange DEFAULT_INSTANCE
com.google.firestore.v1.Target: int TARGET_ID_FIELD_NUMBER
com.google.android.gms.internal.measurement.zzcd$zzg: int zzaa
com.google.firestore.v1.DocumentTransform: com.google.protobuf.Internal$ProtobufList fieldTransforms_
com.google.firestore.v1.StructuredQuery: com.google.firestore.v1.StructuredQuery DEFAULT_INSTANCE
com.google.firestore.v1.TransactionOptions$ReadOnly: com.google.protobuf.Parser PARSER
com.google.android.gms.internal.measurement.zzcd$zzg: java.lang.String zzy
io.grpc.okhttp.NegotiationType: io.grpc.okhttp.NegotiationType valueOf(java.lang.String)
com.google.android.gms.internal.measurement.zzcd$zzd: java.lang.String zzd
io.flutter.embedding.engine.FlutterJNI: void nativeInit(android.content.Context,java.lang.String[],java.lang.String,java.lang.String,java.lang.String,long)
androidx.core.app.CoreComponentFactory
com.google.android.gms.internal.firebase-auth-api.zzgk: int zzf
com.google.firebase.firestore.core.OrderBy$Direction: com.google.firebase.firestore.core.OrderBy$Direction valueOf(java.lang.String)
com.google.android.gms.internal.measurement.zzcd$zzi: com.google.android.gms.internal.measurement.zzih zzc
com.google.firestore.v1.Precondition: com.google.protobuf.Parser PARSER
com.google.firestore.v1.StructuredQuery$FieldFilter: int VALUE_FIELD_NUMBER
com.google.firestore.v1.BatchGetDocumentsResponse$ResultCase: com.google.firestore.v1.BatchGetDocumentsResponse$ResultCase valueOf(java.lang.String)
io.flutter.embedding.engine.systemchannels.PlatformChannel$HapticFeedbackType: io.flutter.embedding.engine.systemchannels.PlatformChannel$HapticFeedbackType[] values()
com.google.firestore.v1.BatchGetDocumentsResponse: int resultCase_
io.grpc.okhttp.OkHttpFrameLogger$SettingParams: io.grpc.okhttp.OkHttpFrameLogger$SettingParams[] values()
com.google.firestore.v1.DocumentTransform$FieldTransform: int REMOVE_ALL_FROM_ARRAY_FIELD_NUMBER
com.google.android.gms.measurement.AppMeasurement$ConditionalUserProperty: android.os.Bundle mExpiredEventParams
com.google.firebase.installations.FirebaseInstallationsException$Status: com.google.firebase.installations.FirebaseInstallationsException$Status valueOf(java.lang.String)