build/app/outputs/mapping/release/mapping.txt
# compiler: R8
# compiler_version: 2.1.75
# min_api: 21
# pg_map_id: 11131d4
# common_typos_disable
...
com.google.android.gms.internal.firebase-auth-api.zzaa -> b.a.a.a.f.e.b:
    com.google.android.gms.internal.firebase-auth-api.zzr zza -> g
    int zzc(int) -> e
    int zzd(int) -> f
com.google.android.gms.internal.firebase-auth-api.zzaaa -> b.a.a.a.f.e.c:
    java.util.List zzc -> c
    com.google.android.gms.internal.firebase-auth-api.zzaaa zzb -> d
    com.google.android.gms.internal.firebase-auth-api.zzzt zze(int) -> S
    java.lang.Object zzg(int) -> U
    java.lang.String zzd(int) -> f
    java.lang.String zzj(java.lang.Object) -> g
    com.google.android.gms.internal.firebase-auth-api.zzaab zzi() -> j
    java.util.List zzh() -> m
    void zzf(com.google.android.gms.internal.firebase-auth-api.zzym) -> t
com.google.android.gms.internal.firebase-auth-api.zzaab -> b.a.a.a.f.e.d:
    java.lang.Object zzg(int) -> U
    com.google.android.gms.internal.firebase-auth-api.zzaab zzi() -> j
    java.util.List zzh() -> m
    void zzf(com.google.android.gms.internal.firebase-auth-api.zzym) -> t
com.google.android.gms.internal.firebase-auth-api.zzaac -> b.a.a.a.f.e.e:
com.google.android.gms.internal.firebase-auth-api.zzaad -> b.a.a.a.f.e.f:
    java.lang.Class zza -> c
    java.util.List zza(java.lang.Object,long) -> a
    void zzb(java.lang.Object,long) -> b
    void zzc(java.lang.Object,java.lang.Object,long) -> c
    java.util.List zzf(java.lang.Object,long,int) -> f
com.google.android.gms.internal.firebase-auth-api.zzaae -> b.a.a.a.f.e.g:
    java.util.List zza(java.lang.Object,long) -> a
    void zzb(java.lang.Object,long) -> b
    void zzc(java.lang.Object,java.lang.Object,long) -> c
com.google.android.gms.internal.firebase-auth-api.zzaaf -> b.a.a.a.f.e.h:
    com.google.android.gms.internal.firebase-auth-api.zzaaf zzb -> b
    com.google.android.gms.internal.firebase-auth-api.zzaaf zza -> a
    java.util.List zza(java.lang.Object,long) -> a
    void zzb(java.lang.Object,long) -> b
    void zzc(java.lang.Object,java.lang.Object,long) -> c
    com.google.android.gms.internal.firebase-auth-api.zzaaf zzd() -> d
    com.google.android.gms.internal.firebase-auth-api.zzaaf zze() -> e
com.google.android.gms.internal.firebase-auth-api.zzaag -> b.a.a.a.f.e.i:
    long[] zzb -> c
    int zzc -> d
    com.google.android.gms.internal.firebase-auth-api.zzaag zza -> e
    com.google.android.gms.internal.firebase-auth-api.zzzt zze(int) -> S
    long zzd(int) -> f
    void zzf(long) -> g
    void zzg(int) -> h
    java.lang.String zzh(int) -> i
com.google.android.gms.internal.firebase-auth-api.zzaah -> b.a.a.a.f.e.j:
    boolean zzb(java.lang.Class) -> b
    com.google.android.gms.internal.firebase-auth-api.zzaao zzc(java.lang.Class) -> c
com.google.android.gms.internal.firebase-auth-api.zzaai -> b.a.a.a.f.e.k:
    com.google.android.gms.internal.firebase-auth-api.zzaap[] zza -> a
    boolean zzb(java.lang.Class) -> b
    com.google.android.gms.internal.firebase-auth-api.zzaao zzc(java.lang.Class) -> c
com.google.android.gms.internal.firebase-auth-api.zzaaj -> b.a.a.a.f.e.l:
    com.google.android.gms.internal.firebase-auth-api.zzaap zzb -> b
    com.google.android.gms.internal.firebase-auth-api.zzaap zza -> a
    com.google.android.gms.internal.firebase-auth-api.zzabd zza(java.lang.Class) -> a
    boolean zzb(com.google.android.gms.internal.firebase-auth-api.zzaao) -> b
com.google.android.gms.internal.firebase-auth-api.zzaak -> b.a.a.a.f.e.m:
com.google.android.gms.internal.firebase-auth-api.zzaal -> b.a.a.a.f.e.n:
    com.google.android.gms.internal.firebase-auth-api.zzaal zzb -> c
    boolean zza -> b
    com.google.android.gms.internal.firebase-auth-api.zzaal zza() -> b
    void zzb(com.google.android.gms.internal.firebase-auth-api.zzaal) -> c
    com.google.android.gms.internal.firebase-auth-api.zzaal zzc() -> d
    void zzd() -> f
    boolean zze() -> g
    int zzf(java.lang.Object) -> i
    void zzg() -> j