build/app/outputs/mapping/release/usage.txt
com.example.store.R$attr
com.example.store.R$style
com.example.store.R$integer
com.example.store.R
com.example.store.R$id
com.example.store.BuildConfig
com.example.store.R$drawable
com.example.store.R$layout
com.example.store.R$string
com.example.store.R$dimen
com.example.store.R$color
com.example.store.R$styleable
com.example.store.R$mipmap
...
com.google.protobuf.DoubleArrayList:
    public static com.google.protobuf.DoubleArrayList emptyList()
com.google.common.base.Converter
com.google.errorprone.annotations.FormatMethod
com.google.common.collect.TreeRangeSet$RangesByUpperBound
kotlin.collections.ArraysKt___ArraysKt$groupingBy$1
com.google.common.collect.DiscreteDomain$LongDomain
com.google.common.hash.Funnels
com.google.common.hash.Funnels$UnencodedCharsFunnel
com.google.android.gms.internal.maps.zzw:
    public abstract java.util.List getPoints()
    public abstract void setHoles(java.util.List)
    public abstract java.util.List getHoles()
    public abstract float getStrokeWidth()
    public abstract int getStrokeColor()
    public abstract int getFillColor()
    public abstract float getZIndex()
    public abstract boolean isVisible()
    public abstract boolean isGeodesic()
    public abstract boolean isClickable()
    public abstract void setStrokeJointType(int)
    public abstract int getStrokeJointType()
    public abstract void setStrokePattern(java.util.List)
    public abstract java.util.List getStrokePattern()
    public abstract void zze(com.google.android.gms.dynamic.IObjectWrapper)
    public abstract com.google.android.gms.dynamic.IObjectWrapper zzk()
com.squareup.okhttp.internal.http.HttpStream
com.google.common.collect.ImmutableSetMultimap$EntrySet
com.google.longrunning.OperationOrBuilder
com.google.firestore.v1.TransactionOptions$Builder:
    public com.google.firestore.v1.TransactionOptions$ModeCase getModeCase()
    public com.google.firestore.v1.TransactionOptions$Builder clearMode()
    public boolean hasReadOnly()
    public com.google.firestore.v1.TransactionOptions$ReadOnly getReadOnly()
    public com.google.firestore.v1.TransactionOptions$Builder setReadOnly(com.google.firestore.v1.TransactionOptions$ReadOnly)
    public com.google.firestore.v1.TransactionOptions$Builder setReadOnly(com.google.firestore.v1.TransactionOptions$ReadOnly$Builder)
    public com.google.firestore.v1.TransactionOptions$Builder mergeReadOnly(com.google.firestore.v1.TransactionOptions$ReadOnly)
    public com.google.firestore.v1.TransactionOptions$Builder clearReadOnly()
    public boolean hasReadWrite()
    public com.google.firestore.v1.TransactionOptions$ReadWrite getReadWrite()
    public com.google.firestore.v1.TransactionOptions$Builder setReadWrite(com.google.firestore.v1.TransactionOptions$ReadWrite)
    public com.google.firestore.v1.TransactionOptions$Builder setReadWrite(com.google.firestore.v1.TransactionOptions$ReadWrite$Builder)
    public com.google.firestore.v1.TransactionOptions$Builder mergeReadWrite(com.google.firestore.v1.TransactionOptions$ReadWrite)
    public com.google.firestore.v1.TransactionOptions$Builder clearReadWrite()
com.google.common.base.Enums$StringConverter
androidx.core.provider.SelfDestructiveThread$1
kotlin.jvm.internal.markers.KMutableListIterator
com.google.firebase.firestore.local.MemoryLruReferenceDelegate$$Lambda$1
com.google.common.io.FileBackedOutputStream$MemoryOutput
com.google.common.util.concurrent.Callables
com.google.common.collect.Sets$PowerSet
com.google.common.collect.StandardTable$RowMap$EntrySet
com.google.protobuf.Internal$MapAdapter$EntryAdapter
com.google.common.collect.ArrayTable$2
androidx.core.widget.PopupWindowCompat
com.google.protobuf.ListValue
io.flutter.app.FlutterActivityDelegate
androidx.core.content.pm.PermissionInfoCompat
com.google.firestore.v1.GetDocumentRequest$1
com.google.common.graph.Graphs$NodeVisitState
kotlin.io.SerializableKt
androidx.core.view.ViewCompat$ScrollIndicators
androidx.core.view.NestedScrollingParentHelper
com.google.api.MetricDescriptor$MetricDescriptorMetadataOrBuilder
com.google.common.cache.RemovalListener
kotlin.jvm.internal.ByteSpreadBuilder
androidx.core.view.accessibility.AccessibilityWindowInfoCompat
com.google.common.collect.ImmutableTable$SerializedForm
androidx.core.location.LocationManagerCompat